<?xml version="1.0" encoding="UTF-8"?>
<testng-results ignored="0" total="1" passed="1" failed="0" skipped="0">
  <reporter-output>
  </reporter-output>
  <suite started-at="2024-04-11T10:25:14 IST" name="Default suite" finished-at="2024-04-11T10:25:16 IST" duration-ms="2035">
    <groups>
    </groups>
    <test started-at="2024-04-11T10:25:14 IST" name="Default test" finished-at="2024-04-11T10:25:16 IST" duration-ms="2035">
      <class name="com.module.scripts.login.Login_Scripts">
        <test-method is-config="true" signature="initbrowser()[pri:0, instance:com.module.scripts.login.Login_Scripts@72d1ad2e]" started-at="2024-04-11T10:25:08 IST" name="initbrowser" finished-at="2024-04-11T10:25:14 IST" duration-ms="6277" status="PASS">
          <reporter-output>
          </reporter-output>
        </test-method> <!-- initbrowser -->
        <test-method is-config="true" signature="load()[pri:0, instance:com.module.scripts.login.Login_Scripts@72d1ad2e]" started-at="2024-04-11T10:25:14 IST" name="load" finished-at="2024-04-11T10:25:14 IST" duration-ms="40" status="PASS">
          <reporter-output>
          </reporter-output>
        </test-method> <!-- load -->
        <test-method signature="LoginCredentials()[pri:0, instance:com.module.scripts.login.Login_Scripts@72d1ad2e]" started-at="2024-04-11T10:25:14 IST" name="LoginCredentials" finished-at="2024-04-11T10:25:16 IST" duration-ms="1950" status="PASS">
          <reporter-output>
          </reporter-output>
        </test-method> <!-- LoginCredentials -->
      </class> <!-- com.module.scripts.login.Login_Scripts -->
    </test> <!-- Default test -->
  </suite> <!-- Default suite -->
</testng-results>
